<?xml version="1.0" encoding="UTF-8"?>
<!-- Generated by org.testng.reporters.JUnitReportReporter -->
<testsuite hostname="QAShared.local" failures="0" tests="1" name="mathu.motv.CW.AppTest" time="0.002" errors="0" timestamp="17 Jul 2019 15:04:28 GMT" skipped="0">
  <testcase classname="mathu.motv.CW.AppTest" name="testApp" time="0.002"/>
</testsuite> <!-- mathu.motv.CW.AppTest -->
