<?xml version="1.0" encoding="UTF-8"?>
<!-- Generated by org.testng.reporters.JUnitReportReporter -->
<testsuite hostname="QAShared.local" failures="0" tests="1" name="mathu.motv.CW.TestScripts" time="16.469" errors="0" timestamp="17 Jul 2019 21:41:19 GMT" skipped="0">
  <testcase classname="mathu.motv.CW.TestScripts" name="Hoichoi" time="16.469"/>
</testsuite> <!-- mathu.motv.CW.TestScripts -->
