<?xml version="1.0" encoding="UTF-8"?>
<!-- Generated by org.testng.reporters.JUnitReportReporter -->
<testsuite hostname="QAShared.local" failures="0" tests="1" name="mathu.motv.CW.BClass" time="0.010" errors="0" timestamp="17 Jul 2019 14:38:34 GMT" skipped="0">
  <testcase classname="mathu.motv.CW.BClass" name="client1" time="0.010"/>
</testsuite> <!-- mathu.motv.CW.BClass -->
