<?xml version="1.0" encoding="UTF-8"?>
<!-- Generated by org.testng.reporters.JUnitReportReporter -->
<testsuite hostname="QAShared.local" failures="0" tests="3" name="mathu.motv.CW.TestScripts" time="124.585" errors="0" timestamp="17 Jul 2019 19:44:05 GMT" skipped="0">
  <testcase classname="mathu.motv.CW.TestScripts" name="Hoichoi" time="37.336"/>
  <testcase classname="mathu.motv.CW.TestScripts" name="MovieSpree" time="48.534"/>
  <testcase classname="mathu.motv.CW.TestScripts" name="MOTV" time="38.715"/>
</testsuite> <!-- mathu.motv.CW.TestScripts -->
