<?xml version="1.0" encoding="UTF-8"?>
<!-- Generated by org.testng.reporters.JUnitReportReporter -->
<testsuite hostname="QAShared.local" failures="0" tests="13" name="mathu.motv.CW.TestScripts" time="318.885" errors="0" timestamp="19 Jul 2019 18:02:44 GMT" skipped="0">
  <testcase classname="mathu.motv.CW.TestScripts" name="LSN" time="16.626"/>
  <testcase classname="mathu.motv.CW.TestScripts" name="Hoichoi" time="37.371"/>
  <testcase classname="mathu.motv.CW.TestScripts" name="Kronon" time="13.698"/>
  <testcase classname="mathu.motv.CW.TestScripts" name="TB" time="11.987"/>
  <testcase classname="mathu.motv.CW.TestScripts" name="MotoAmerica" time="11.119"/>
  <testcase classname="mathu.motv.CW.TestScripts" name="HereTV" time="38.751"/>
  <testcase classname="mathu.motv.CW.TestScripts" name="MovieSpree" time="57.658"/>
  <testcase classname="mathu.motv.CW.TestScripts" name="MOTV" time="51.888"/>
  <testcase classname="mathu.motv.CW.TestScripts" name="MSE" time="16.440"/>
  <testcase classname="mathu.motv.CW.TestScripts" name="Pll" time="13.172"/>
  <testcase classname="mathu.motv.CW.TestScripts" name="AFL" time="12.070"/>
  <testcase classname="mathu.motv.CW.TestScripts" name="AFA" time="26.316"/>
  <testcase classname="mathu.motv.CW.TestScripts" name="BeatTV" time="11.789"/>
</testsuite> <!-- mathu.motv.CW.TestScripts -->
