<?xml version="1.0" encoding="UTF-8"?>
<!-- Generated by org.testng.reporters.JUnitReportReporter -->
<testsuite hostname="QAShared.local" failures="0" tests="1" name="com.practice.com.practice.p1" time="1.981" errors="0" timestamp="07 May 2019 18:37:38 GMT" skipped="0">
  <testcase classname="com.practice.com.practice.p1" name="testreport" time="1.981"/>
</testsuite> <!-- com.practice.com.practice.p1 -->
