<?xml version="1.0" encoding="UTF-8"?>
<!-- Generated by org.testng.reporters.JUnitReportReporter -->
<testsuite hostname="QAShared.local" failures="0" tests="2" name="com.practice.com.practice.breakloop" time="6.848" errors="0" timestamp="06 May 2019 16:25:06 GMT" skipped="0">
  <testcase classname="com.practice.com.practice.breakloop" name="driver" time="6.846"/>
  <testcase classname="com.practice.com.practice.breakloop" name="login" time="0.002"/>
</testsuite> <!-- com.practice.com.practice.breakloop -->
